1682456614312:listar-autocaravanas
1682456997769:listar-clientes
1682457006063:modificar-apellido
1682457070295:modificar-apellido 2983132P lopez
1682457075166:listar-clientes
1682457106182:modificar-apellido 2982132P lopez
1682457112621:modificar-apellido 2982132aP lopez
1682457119237:modificar-apellido 1 lopez
1682457123981:listar-clientes
1682457754777:crear-cliente
1682457790819:modificar-cliente sergio farmiga 5959595995595 1996-12-18 1029102902P lasarga@lakaisa.laformiga
1682457851529:crear-cliente sergio farmiga 5959595995595 1996-12-18 1029102902P lasarga@lakaisa.laformiga
1682457856414:listar-clientes
1682457868039:modificar nombre kaisa 2
1682457873335:modificar-nombre
1682457878039:modificar-nombre 2 kaisa
1682457891183:modificar-nombre 1029102902P kaisa
1682457896670:listar-clientes
1682458895095:listar-autocaravanas
1682459091436:crear-autocaravana
1682459118965:crear-autocaravana ferrari 1921DSS 1 9 19212
1682459123659:listar-autocaravanas
