1681729732748:listar-clientes
1681729741116:crear-cliente
1681729779672:crear-cliente jesu garcia 666555728 1996-04-30 44098788J jezu@zus.rico
1681729783647:listar-clientes
1681729817613:crear-cliente jesu garcia 666555727 1996-04-30 04098788J jezu@zus.rico
1681729825140:crear-cliente jesu garcia 666555727 1996-04-30 04098788J jezu@sus.rico
1681729945290:listar-clientes
1681729982806:borrar-cliente 04098788J
1681730050907:listar-clientes
1681730061979:crear-cliente jesu garcia 666555728 1996-04-30 44098788J jezu@zus.rico
1681730065572:listar-clientes
1681736055337:listar-cliente
1681736058317:listar-clientes
1681736068475:crear-cliente
1681736118559:crear-cliente sergio gomez 654778832 1996-12-19 98777788G sergio@lachupo.mogollon
1681736122651:listar-clientes
1681905819774:mostrar-reserva 0
1681905827973:listar-clientes
1681938669939:clear
1681938690028:mostrar-reserva 0
1682320671381:help
1682320968710:crear-cliente
1682321001291:crear-cliente violeta ai 678777777777 2000-07-16 555555555566677888P vio@le.ta
1682326893157:mostrar-reserva 0
1682335028785:mostar-reserva 0
1682335030580:mostar-reserva 1
1682335039260:listar-reservas
1682405524125:listar-clientes
1682405534941:stacktrace
1682591748326:crear-reserva 3 2 2025-05-25 2026-06-06
1683222971144:crear-cliente
1683223002283:crear-cliente pakito lopez 671321615 1999-11-17 0000000P pa@ki.to
