1681121363220:help
1681134155169:crear-cliente
1681134213742:crear-cliente miriam armario 666777888 21/12/2000 7711712635R armaricon@gmail.com
1681134237204:crear-cliente miriam armario 666777888 2000/12/21 7711712635R armaricon@gmail.com
1681134254687:crear-cliente miriam armario 666777888 2000-12-21 7711712635R armaricon@gmail.com
1681134287145:crear-cliente miriam armario 666777888 1997-12-21 7711712635R armaricon@gmail.com
1681134294161:stacktrace
1681134426746:crear-cliente miriam armario 666777888 2000-12-21 7711712635R armaricon@gmail.com
1681134441402:stacktrace
1681134489847:crear-cliente miriam armario 666777888 2000-12-21 7711712635R armaricon@gmail.com
1681135675869:crear-cliente
1681135705165:crear-cliente miriam armario 666777666 2000-12-21 440999333R armaricon@gmail.com
1681135748829:stacktrace
1681135920529:crear-cliente miriam armario
1681135945415:crear-cliente miriam armario 666777888 2000-12-21 444000999R armaricon@gmail.com
1681135962186:stacktrace
1681136117858:crear-cliente
1681136151727:crear-cliente miriam armario 666777888 2000-12-21 44400099R armaricon@gmail.com
1681136470267:stacktrace
1681136541008:crear-cliente miriam armario 666777888 2000-12-21 44400099R armaricon@gmail.com
1681136973743:ckear
1681136975033:clear
1681136980637:help
1681136984448:clear
1681136987875:clear()
1681136990862:crear-cliente miriam armario 666777888 2000-12-21 44400099R armaricon@gmail.com
1681137905246:crear-cliente miriam armario 666777666 2000-12-21 440999333R armaricon@gmail.com
1681138995925:t Uca.Core.Cliente.getEdad(Cliente.java:58)
1681138995937:t java.base/jdk.internal.reflect.NativeMethodAccessorImpl.invoke0(Native Method)
1681138995946:t java.base/jdk.internal.reflect.NativeMethodAccessorImpl.invoke(NativeMethodAccessorImpl.java:77)
1681138995957:t java.base/jdk.internal.reflect.DelegatingMethodAccessorImpl.invoke(DelegatingMethodAccessorImpl.java:43)
1681138995963:t java.base/java.lang.reflect.Method.invoke(Method.java:568)
1681139013773:crear-cliente miriam armario 666777666 2000-12-21 440999333R armaricon@gmail.com
1681139591994:crear-cliente pakito lopez 999888777 2000-11-17 99900099P ermaricon@gmail.com
1681139644726:listar-clientes
1681140596780:listar-cliente
1681140602621:listar-clientes
1681141544450:listar-cliente
1681141547585:listar-clientes
1681141617740:crear cliente violeti naharro 696969696 00011122X slay@wap.s
1681141634623:crear-cliente violeti naharro 696969696 00011122X slay@wap.s
1681141642411:crear-cliente
1681141669510:crear cliente violeti naharro 696969696 2001-07-16 00011122X slay@wap.s
1681141708047:crear-cliente violeti naharro 696969696 2001-07-16 00011122X slay@wap.s
1681141713429:listar-clientes
1681141895261:crear-cliente tomi morales 777888654 00011123J tomi@espelusa.com
1681141966699:crear-cliente tomi morales 2000-12-12 777888654 00011123J tomi@espelusa.com
1681156007994:help
1681156013751:run-animation
1681197209255:help
1681197216118:run-animation
1681197333181:stacktrace
1681197961734:run-animation
1681198229508:clear
1681198231645:clear()
1681198237654:run-animation
1681200472421:clear
1681200476139:run-animation
1681200503845:clear
1681200509093:run-animation
1681200516367:clear
1681200518477:run-animation
1681200734102:clear
1681201066732:run-animation
1681205716460:help
1681205735315:buscar-cliente
1681205747202:listarcliente
1681205752111:listar-clientes
1681205761407:buscar-cliente 00011122X
1681207387295:listar-clientes
1681207407844:modificar-email 00011122X slay@waps.boombastic
1681223660283:help
1681223674702:buscar-cliente
1681223683212:listar-clientes
1681223829839:crear-cliente francisco lopez
1681223850845:crear-cliente francisco lopez 666888999 1999-11-17 44065455P fran99@lopez.com
1681224007315:crear-cliente fran lopez 666777888
1681224037695:crear-cliente francisco lopez 666888999 1999-11-17 44065455P fran99@lopez.com
1681224124760:vshell:>crear-cliente francisco lopez 666888999 1999-11-17 44065455P fran99@lopez.com
1681224125967:shell:>crear-cliente francisco lopez 666888999 1999-11-17 44065455P fran99@lopez.com
1681224149005:crear-cliente francisco lopez 666888999 1999-11-17 44065455P fran99@lopez.com
1681224467818:crear-cliente maraya armario 777888999 2000-12-22 66677888R armarican@armari.com
1681224740555:crear-cliente francisco lopez 666888999 1999-11-17 44065455P fran99@lopez.com
1681224752701:crear-cliente maraya armario 777888999 2000-12-22 66677888R armarican@armari.com
1681225031397:crear-cliente francisco lopez 666888999 1999-11-17 44065455P fran99@lopez.com
1681225040445:crear-cliente maraya armario 777888999 2000-12-22 66677888R armarican@armari.com
1681225045333:listar-clientes
1681225451287:help
1681225467307:modificar-cliente
1681225474940:modificar-email
1681225500494:modificar-email 66677888R larmario@lamari.cona
1681225505069:listar-clientes
1681225702642:eliminar-cliente
1681225707334:borrar-cliente
1681225737698:borrar-cliente [200~66677888R
1681225747004:listar-clientes
1681225757796:borrar-cliente 66677888R
1681225765601:stacktrace
1681225792589:listar-cliente
1681225794291:listar-clientes
1681225944114:help
1681225961038:modificar-email 66677888R
1681225978392:modificar-email 66677888R maraya@mari.com
1681225983907:listar-clientes
1681227087114:eliminar-cliente 66677888R
1681227095552:eliminar-cliente
1681227098730:help
1681227109268:borrar-cliente 66677888R
1681228993642:listar-usuarios
1681228996136:help
1681229030000:listar-clientes
1681229087185:eliminar-cliente
1681229091683:borrar-cliente
1681229116387:borrar-cliente 66677888R
1681229122099:stacktrace
1681229554578:listar-clientes
1681229567023:borrar-cliente 66677888R
1681229572163:stacktrace
1681229747168:listar-clientes
1681229757621:borrar-cliente 66677888R
1681229761977:listar-clientes
1681229956917:help
1681230734375:listar-clientes
1681283901530:help
1681283911836:listar-clientes
1681283925965:modificar-nombre help
1681283932751:help modificar-nombre
1681284206128:modificar-nombre help
1681284212275:help modificar-nombre
1681287111737:listar-clientes
1681287129279:help modificar-cliente
1681287143323:help modificar-nombre
1681287196158:modificar-nombre 0 francisco -t idc
1681287213845:modificar-nombre 0 francisco -t idC
1681287219424:listar-cliente
1681287223075:listar-clientes
1681287275689:modificar-nombre 0 pakito -t idC
1681287279639:listar-clientes
1681287307797:modificar-nombre 44065455P Francisco -t dni
1681287311648:listar-clientes
1681293290575:modificar-nombre
1681293302775:modificar-nombre 44065455P Pakito
1681293375703:modificar-nombre -t dni 44065455P Pakito
1681293736438:listar-clientes
1681294486789:modificar-nombre 44065455P Fran
1681294720485:modificar-nombre 44065455P pak
1681294937772:modificar-cliente 44065455P PAKITO
1681294944997:stacktrace
1681294983794:modificar-nombre 44065455P PAKITO
1681295328028:listar-clientes
1681295340822:modificar-nombre 0 FRAN
1681295345889:listar-clientes
1681295667196:modificar-nombre 44065455P franisco
1681295671039:listar-clientes
1681295678200:modificar-nombre 0 pak
1681295682194:listar-clientes
1681295739907:modificar-nombre 44065455 fran
1681295750497:modificar-nombre 44065455P fran
1681295756375:listar-clientes
1681297533017:modificar-nombre 0 Franisco
1681297542361:modificar-nombre 0 Franisco idC
1681297548058:listar-clinetes
1681297552084:listar-clientes
1681297578168:modificar-nombre 44065455 Fran dni
1681297590051:modificar-nombre 44065455P Fran dni
1681297594905:listar-clientes
1681311853310:listar-autocaravana
1681311855012:help
1681313294942:listar-cliente
1681313301449:listar-clientes
1681313315737:help
1681313371430:listar-autocaravana
1681313382020:listar-autocaravanas
1681313392136:crear-autocaravana
1681313423359:crear-autocaravana sexo 6666kys citroen 69 1 420
1681313460131:public interface AutocaravanaReglas {
1681313470609:crear-autocaravana sexo 6666KYS citroen 69 1 420
1681313475361:listar-autocaravanas
1681313702505:listar-clientes
1681313710903:listar-autocaravanas
1681315963518:crear-autocaravana
1681316010495:crear-autocaravana 01 4200THC Eva 999 1 999999
1681316016929:listar-autocaravanas
1681316295401:crear-autocaravana
1681316366856:crear-autocaravana eva01 4200THC 9999 1 99999
1681316370789:listar-autocaravanas
1681316495283:crear-autocaravana
1681316575875:crear-autocaravana toyota-supra 0001BBB 50 5 0
1681316581375:listar-autocaravanas
1681334063182:crear-autocaravana
1681334104883:crear-autocaravana tesla-s 0000DLH 10 90 12345
1681334109055:shell:>crear-autocaravana tesla-s 0000DLH 10 90 12345
1681334134267:crear-autocaravana tesla-s 1111DLH 10 90 12345
1681334142186:listar-autocaravana
1681334149143:listar-autocaravanas
1681335124598:buscar-autocaravana
1681335154318:buscar-autocaravana matricula 1111DLH
1681335160123:listar-autocaravanas
1681335176259:buscar-autocaravana matricula 1111DLH
1681335189668:buscar-autocaravana idA 3
1681335312106:buscar-autocaravana
1681335343977:buscar-autocaravana matricula 1111DLH
1681335353748:buscar-autocaravana matricula 111DLH
1681335360589:listar-autocaravana
1681335367907:listar-autocaravanas
1681335379213:buscar-autocaravana -t matricula 1111DLH
1681335421075:buscar-autocaravana matricula 1111DLH
1681335432658:buscar-autocaravana idA 3
1681335441257:buscar-autocaravana idA 0
1681335509721:buscar-autocaravana
1681335514641:buscar-autocaravana matricula 1111DLH
1681335571968:buscar-autocaravana matric 111
1681335576477:buscar-autocaravana matricula 1111DLH
1681335807960:listar-autocaravanas
1681367815235:help
1681367829210:modificar-modelo:
1681367830778:modificar-modelo
1681367848359:modificar-modelo: 1111DLH eva-02
1681367867929:modificar-modelo 1111DLH eva-02
1681368136344:modificar-precio
1681368146281:modificar-precio 1111DLH 90
1681368160018:buscar-autocaravana matricula 1111DLH
1681368171496:modificar-precio 1111DLH 93
1681368182352:buscar-autocaravana matricula 1111DLH
1681368201290:modificar-precio -t matricula 1111DLH 93
1681368208391:modificar-precio 1111DLH 93 -t matricula
1681368213088:modificar-precio 1111DLH 93 -t idA
1681368288639:modificar-precio 1111DLH 93
1681368293082:modificar-precio 1111DLH 93 -t matricula
1681740454756:listar-clientes
1681740461275:crear-cliente violeti naharro 696969696 00011122X slay@wap.s
1681740487495:crear-cliente violeti naharro 696969696 2001-07-16 00011122X slay@wap.s
1681740495209:listar-clientes
1681740767264:crear-cliente violeti naharro 696969696 2001-07-16 00011122X slay@wap.s
1681740768115:listar-clientes
1681740845832:crear-cliente violeti naharro 696969696 2001-07-16 00011122X slay@wap.s
1681740846873:listar-clientes
